<?xml version="1.0" encoding="UTF-8"?>
<!-- Generated by org.testng.reporters.JUnitXMLReporter -->
<testsuite hostname="DESKTOP-ASB5QBL" ignored="4" name="Test" tests="2" failures="1" timestamp="14 Jun 2023 16:30:56 GMT" time="19.241" errors="0">
  <testcase name="orgEmpReg" time="8.116" classname="testNG.EmpRegTc_TestNG"/>
  <testcase name="orgUserReg" time="0.008" classname="testNG.UserRegTC_TestNG">
    <failure type="java.lang.NullPointerException">
      <![CDATA[java.lang.NullPointerException
	at testNG.UserRegTC_TestNG.orgUserReg(UserRegTC_TestNG.java:16)
... Removed 25 stack frames]]>
    </failure>
  </testcase> <!-- orgUserReg -->
  <testcase name="@AfterTest orgLogout" time="0.0" classname="testNG.TestNGMaster">
    <ignored/>
  </testcase> <!-- @AfterTest orgLogout -->
  <testcase name="@AfterSuite orgClose" time="0.0" classname="testNG.TestNGMaster">
    <ignored/>
  </testcase> <!-- @AfterSuite orgClose -->
  <testcase name="@BeforeSuite orgLaunch" time="0.0" classname="testNG.TestNGMaster">
    <ignored/>
  </testcase> <!-- @BeforeSuite orgLaunch -->
  <testcase name="@BeforeTest orgLogin" time="0.0" classname="testNG.TestNGMaster">
    <ignored/>
  </testcase> <!-- @BeforeTest orgLogin -->
</testsuite> <!-- Test -->
