<?xml version="1.0" encoding="UTF-8"?>
<testng-results skipped="0" failed="0" ignored="1" total="1" passed="0">
  <reporter-output>
  </reporter-output>
  <suite name="Default suite" duration-ms="26831" started-at="2023-05-23T01:42:34Z" finished-at="2023-05-23T01:43:01Z">
    <groups>
    </groups>
    <test name="Default test" duration-ms="26831" started-at="2023-05-23T01:42:34Z" finished-at="2023-05-23T01:43:01Z">
      <class name="com.Practiceproject.testNGExamples.TestNGEg">
        <test-method status="PASS" signature="BrLaunch()[pri:0, instance:com.Practiceproject.testNGExamples.TestNGEg@8bd1b6a]" name="BrLaunch" is-config="true" duration-ms="22960" started-at="2023-05-23T07:12:34Z" finished-at="2023-05-23T07:12:57Z">
          <reporter-output>
          </reporter-output>
        </test-method> <!-- BrLaunch -->
        <test-method status="PASS" signature="close()[pri:0, instance:com.Practiceproject.testNGExamples.TestNGEg@8bd1b6a]" name="close" is-config="true" duration-ms="3833" started-at="2023-05-23T07:12:57Z" finished-at="2023-05-23T07:13:01Z">
          <reporter-output>
          </reporter-output>
        </test-method> <!-- close -->
      </class> <!-- com.Practiceproject.testNGExamples.TestNGEg -->
    </test> <!-- Default test -->
  </suite> <!-- Default suite -->
</testng-results>
